<?xml version="1.0" encoding="UTF-8"?>
<testsuites name="Mocha Tests" time="6.615" tests="3" failures="0">
  <testsuite name="Cypress Tests" timestamp="2024-07-16T12:43:42" tests="0" file="src/e2e/fleet-sim-card/sim-activation/sim-activation-manager/sim-activation-manager.spec.cy.ts" time="0.000" failures="0">
  </testsuite>
  <testsuite name="Bundle usage reminders" timestamp="2024-07-16T12:43:42" tests="3" time="6.591" failures="0">
    <testcase name="On page load, date picker should exist" time="0.940" classname="Bundle usage reminders On page load, date picker should exist">
    </testcase>
    <testcase name="On click on date input , date picker should be visible" time="0.560" classname="Bundle usage reminders On click on date input , date picker should be visible">
    </testcase>
    <testcase name="When choosing current date, the input must be enabled" time="0.551" classname="Bundle usage reminders When choosing current date, the input must be enabled">
    </testcase>
  </testsuite>
</testsuites>