<?xml version="1.0" encoding="UTF-8"?>
<testsuites name="Mocha Tests" time="18.009" tests="16" failures="0">
  <testsuite name="Cypress Tests" timestamp="2024-09-13T10:18:58" tests="0" file="src/e2e/fleet-user/line-remove-options/line-remove-options.spec.cy.ts" time="0.000" failures="0">
  </testsuite>
  <testsuite name="Line Remove Options" timestamp="2024-09-13T10:18:58" tests="0" time="0.000" failures="0">
  </testsuite>
  <testsuite name="As a fleet user I can use remove options on desktop" timestamp="2024-09-13T10:18:58" tests="9" time="0.000" failures="0">
    <testcase name="AC 1: Fleet User goes to products detail page when remove options is selected then the add options wizard is opened" time="1.482" classname="Line Remove Options As a fleet user I can use remove options on desktop AC 1: Fleet User goes to products detail page when remove options is selected then the add options wizard is opened">
    </testcase>
    <testcase name="AC 2: Fleet User opens the remove options wizard when fleet user he sees an option that is not in his sim line he can not remove this option " time="0.902" classname="Line Remove Options As a fleet user I can use remove options on desktop AC 2: Fleet User opens the remove options wizard when fleet user he sees an option that is not in his sim line he can not remove this option ">
    </testcase>
    <testcase name="AC 3: Fleet User removes an option in the wizard when he selected to remove this option then the option is shown under  " time="0.841" classname="Line Remove Options As a fleet user I can use remove options on desktop AC 3: Fleet User removes an option in the wizard when he selected to remove this option then the option is shown under  ">
    </testcase>
    <testcase name="AC 4: Fleet User is in the wizard and sees all the options he already has under Previously added " time="0.646" classname="Line Remove Options As a fleet user I can use remove options on desktop AC 4: Fleet User is in the wizard and sees all the options he already has under Previously added ">
    </testcase>
    <testcase name="AC 6: Fleet User added  options in the wizard when he clicks on undo changes then added options are unselected again " time="1.041" classname="Line Remove Options As a fleet user I can use remove options on desktop AC 6: Fleet User added  options in the wizard when he clicks on undo changes then added options are unselected again ">
    </testcase>
    <testcase name="AC 7: Fleet User removed an option  in the wizard when he clicks on undo changes then the options are removed from the overview " time="0.918" classname="Line Remove Options As a fleet user I can use remove options on desktop AC 7: Fleet User removed an option  in the wizard when he clicks on undo changes then the options are removed from the overview ">
    </testcase>
    <testcase name="AC 8: Fleet User removes an option in the wizard when he saves his changes then the options  that are selected are removed from his SIM line " time="0.992" classname="Line Remove Options As a fleet user I can use remove options on desktop AC 8: Fleet User removes an option in the wizard when he saves his changes then the options  that are selected are removed from his SIM line ">
    </testcase>
    <testcase name="AC 9: Fleet User removes an option in the wizard when he saves his changes then he changes his mind and cancels it the user sees the wizard again " time="0.960" classname="Line Remove Options As a fleet user I can use remove options on desktop AC 9: Fleet User removes an option in the wizard when he saves his changes then he changes his mind and cancels it the user sees the wizard again ">
    </testcase>
    <testcase name="AC 10: Fleet User should not see buttons that allow him to go back to Fleet Portal when he&apos;s coming from oneApp" time="1.603" classname="Line Remove Options As a fleet user I can use remove options on desktop AC 10: Fleet User should not see buttons that allow him to go back to Fleet Portal when he&apos;s coming from oneApp">
    </testcase>
  </testsuite>
  <testsuite name="Split bill guard checks" timestamp="2024-09-13T10:19:07" tests="2" time="2.430" failures="0">
    <testcase name="should show error message when fleet user ordering is not enabled" time="1.175" classname="Line Remove Options As a fleet user I can use remove options on desktop Split bill guard checks should show error message when fleet user ordering is not enabled">
    </testcase>
    <testcase name="should show error message when product is not of type SB20" time="1.178" classname="Line Remove Options As a fleet user I can use remove options on desktop Split bill guard checks should show error message when product is not of type SB20">
    </testcase>
  </testsuite>
  <testsuite name="As a fleet user I can use remove options on my mobile" timestamp="2024-09-13T10:19:10" tests="5" time="5.913" failures="0">
    <testcase name="AC 2: Fleet User opens the remove options wizard when fleet user he sees an option that is not in his sim line he can not remove this option " time="0.780" classname="Line Remove Options As a fleet user I can use remove options on my mobile AC 2: Fleet User opens the remove options wizard when fleet user he sees an option that is not in his sim line he can not remove this option ">
    </testcase>
    <testcase name="AC 6: Fleet User added  options in the wizard when he clicks on undo changes then added options are unselected again " time="1.067" classname="Line Remove Options As a fleet user I can use remove options on my mobile AC 6: Fleet User added  options in the wizard when he clicks on undo changes then added options are unselected again ">
    </testcase>
    <testcase name="AC 7: Fleet User removed an option  in the wizard when he clicks on undo changes then the options are removed from the overview " time="0.952" classname="Line Remove Options As a fleet user I can use remove options on my mobile AC 7: Fleet User removed an option  in the wizard when he clicks on undo changes then the options are removed from the overview ">
    </testcase>
    <testcase name="AC 8: Fleet User removes an option in the wizard when he saves his changes then the options  that are selected are removed from his SIM line " time="1.050" classname="Line Remove Options As a fleet user I can use remove options on my mobile AC 8: Fleet User removes an option in the wizard when he saves his changes then the options  that are selected are removed from his SIM line ">
    </testcase>
    <testcase name="AC 9: Fleet User removes an option in the wizard when he saves his changes then he changes his mind and cancels it the user sees the wizard again " time="0.980" classname="Line Remove Options As a fleet user I can use remove options on my mobile AC 9: Fleet User removes an option in the wizard when he saves his changes then he changes his mind and cancels it the user sees the wizard again ">
    </testcase>
  </testsuite>
</testsuites>