<?xml version="1.0" encoding="UTF-8"?>
<testsuites name="Mocha Tests" time="64.112" tests="8" failures="3" skipped="1">
  <testsuite name="Cypress Tests" timestamp="2024-09-12T06:20:02" tests="0" file="src/e2e/fleet-product/line-add-options/line-add-options.spec.cy.ts" time="0.000" failures="0">
  </testsuite>
  <testsuite name="Line Add Options" timestamp="2024-09-12T06:20:02" tests="8" time="64.088" failures="3">
    <testcase name="AC 2: Fleet Manager opens the add options wizard when fleet manager he sees an option that is already in his sim line he can not add this option again " time="2.219" classname="Line Add Options AC 2: Fleet Manager opens the add options wizard when fleet manager he sees an option that is already in his sim line he can not add this option again ">
    </testcase>
    <testcase name="AC 3: Fleet Manager opens the add options wizard when fleet manager tried to add multiple options from the same cateogry only one is allowed " time="5.804" classname="Line Add Options AC 3: Fleet Manager opens the add options wizard when fleet manager tried to add multiple options from the same cateogry only one is allowed ">
      <failure message="Timed out retrying after 4000ms: expected &apos;&lt;tg-fleet-manager-line-overlay&gt;&apos; to be &apos;visible&apos;

This element `&lt;tg-fleet-manager-line-overlay&gt;` is not visible because it has an effective width and height of: `1920 x 0` pixels." type="AssertionError"><![CDATA[AssertionError: Timed out retrying after 4000ms: expected '<tg-fleet-manager-line-overlay>' to be 'visible'

This element `<tg-fleet-manager-line-overlay>` is not visible because it has an effective width and height of: `1920 x 0` pixels.
    at Context.eval (webpack:///./src/e2e/fleet-product/line-add-options/line-add-options.spec.cy.ts:159:0)]]></failure>
    </testcase>
    <testcase name="AC 4: Fleet Manager adds an option in the wizard when he did not have another option from this category before then the added option is shown under the subtitle Added " time="5.815" classname="Line Add Options AC 4: Fleet Manager adds an option in the wizard when he did not have another option from this category before then the added option is shown under the subtitle Added ">
      <failure message="Timed out retrying after 4000ms: expected &apos;&lt;tg-fleet-manager-line-overlay&gt;&apos; to be &apos;visible&apos;

This element `&lt;tg-fleet-manager-line-overlay&gt;` is not visible because it has an effective width and height of: `1920 x 0` pixels." type="AssertionError"><![CDATA[AssertionError: Timed out retrying after 4000ms: expected '<tg-fleet-manager-line-overlay>' to be 'visible'

This element `<tg-fleet-manager-line-overlay>` is not visible because it has an effective width and height of: `1920 x 0` pixels.
    at Context.eval (webpack:///./src/e2e/fleet-product/line-add-options/line-add-options.spec.cy.ts:170:0)]]></failure>
    </testcase>
    <testcase name="AC 5: Fleet Manager adds an option in the wizard when he already had an option in this category before then the added option is shown under the subtitle Updated " time="7.021" classname="Line Add Options AC 5: Fleet Manager adds an option in the wizard when he already had an option in this category before then the added option is shown under the subtitle Updated ">
      <failure message="Timed out retrying after 4000ms: expected &apos;&lt;tg-fleet-manager-line-overlay&gt;&apos; to be &apos;visible&apos;

This element `&lt;tg-fleet-manager-line-overlay&gt;` is not visible because it has an effective width and height of: `1920 x 0` pixels." type="AssertionError"><![CDATA[AssertionError: Timed out retrying after 4000ms: expected '<tg-fleet-manager-line-overlay>' to be 'visible'

This element `<tg-fleet-manager-line-overlay>` is not visible because it has an effective width and height of: `1920 x 0` pixels.
    at Context.eval (webpack:///./src/e2e/fleet-product/line-add-options/line-add-options.spec.cy.ts:182:0)]]></failure>
    </testcase>
    <testcase name="AC 7: Fleet Manager added  options in the wizard when he clicks on undo changes then the options are removed from the overview " time="1.642" classname="Line Add Options AC 7: Fleet Manager added  options in the wizard when he clicks on undo changes then the options are removed from the overview ">
    </testcase>
    <testcase name="AC 8: Fleet Manager adds an option in the wizard when he saves his changes then the options  that are selected are in his SIM Line " time="1.598" classname="Line Add Options AC 8: Fleet Manager adds an option in the wizard when he saves his changes then the options  that are selected are in his SIM Line ">
    </testcase>
    <testcase name="AC 9: Fleet Manager adds an option in the wizard when he saves his changes then he changes his mind and cancels it the manager is redirected to the wizard again " time="1.555" classname="Line Add Options AC 9: Fleet Manager adds an option in the wizard when he saves his changes then he changes his mind and cancels it the manager is redirected to the wizard again ">
    </testcase>
  </testsuite>
</testsuites>