<?xml version="1.0" encoding="UTF-8"?>
<testsuites name="Mocha Tests" time="13.832" tests="8" failures="0">
  <testsuite name="Cypress Tests" timestamp="2024-07-16T12:43:27" tests="0" file="src/e2e/fleet-account/manage-profile/manage-profile.spec.cy.ts" time="0.000" failures="0">
  </testsuite>
  <testsuite name="Manage Profile" timestamp="2024-07-16T12:43:27" tests="8" time="13.807" failures="0">
    <testcase name="should show mobile number step at first" time="0.936" classname="Manage Profile should show mobile number step at first">
    </testcase>
    <testcase name="should fill in phone number field" time="0.922" classname="Manage Profile should fill in phone number field">
    </testcase>
    <testcase name="should show required error message" time="0.741" classname="Manage Profile should show required error message">
    </testcase>
    <testcase name="should show number-constraint" time="0.641" classname="Manage Profile should show number-constraint">
    </testcase>
    <testcase name="should show invalid fleet profile" time="0.912" classname="Manage Profile should show invalid fleet profile">
    </testcase>
    <testcase name="should show already exists" time="0.844" classname="Manage Profile should show already exists">
    </testcase>
    <testcase name="should show status in active state when account is pending" time="0.794" classname="Manage Profile should show status in active state when account is pending">
    </testcase>
    <testcase name="should show status in active state when account is invited" time="0.896" classname="Manage Profile should show status in active state when account is invited">
    </testcase>
  </testsuite>
</testsuites>