<?xml version="1.0" encoding="UTF-8"?>
<testsuites name="Mocha Tests" time="15.413" tests="9" failures="0">
  <testsuite name="Cypress Tests" timestamp="2024-07-24T13:28:09" tests="0" file="src/e2e/fleet-user/fleet-user-line-add-options.spec.cy.ts" time="0.000" failures="0">
  </testsuite>
  <testsuite name="Fleet User Line Add Options" timestamp="2024-07-24T13:28:09" tests="9" time="15.387" failures="0">
    <testcase name="AC 1: Fleet User goes to products overview page when add options is selected then the add options wizard is opened" time="1.975" classname="Fleet User Line Add Options AC 1: Fleet User goes to products overview page when add options is selected then the add options wizard is opened">
    </testcase>
    <testcase name="AC 2: Fleet User opens the add options wizard when fleet manager he sees an option that is already in his sim line he can not add this option again " time="0.737" classname="Fleet User Line Add Options AC 2: Fleet User opens the add options wizard when fleet manager he sees an option that is already in his sim line he can not add this option again ">
    </testcase>
    <testcase name="AC 3: Fleet User opens the add options wizard when fleet manager tried to add multiple options from the same category only one is allowed " time="0.876" classname="Fleet User Line Add Options AC 3: Fleet User opens the add options wizard when fleet manager tried to add multiple options from the same category only one is allowed ">
    </testcase>
    <testcase name="AC 4: Fleet User adds an option in the wizard when he did not have another option from this category before then the added option is shown under the subtitle Added " time="0.739" classname="Fleet User Line Add Options AC 4: Fleet User adds an option in the wizard when he did not have another option from this category before then the added option is shown under the subtitle Added ">
    </testcase>
    <testcase name="AC 5: Fleet User adds an option in the wizard when he already had an option in this category before then the added option is shown under the subtitle Updated " time="0.715" classname="Fleet User Line Add Options AC 5: Fleet User adds an option in the wizard when he already had an option in this category before then the added option is shown under the subtitle Updated ">
    </testcase>
    <testcase name="AC 6: Fleet User upgrades options in the wizard when he clicks on undo changes then the upgraded option is unselected again" time="0.882" classname="Fleet User Line Add Options AC 6: Fleet User upgrades options in the wizard when he clicks on undo changes then the upgraded option is unselected again">
    </testcase>
    <testcase name="AC 7: Fleet User adds option of a unselected category in the wizard when he clicks on undo changes then the options are removed from the overview " time="0.801" classname="Fleet User Line Add Options AC 7: Fleet User adds option of a unselected category in the wizard when he clicks on undo changes then the options are removed from the overview ">
    </testcase>
    <testcase name="AC 8: Fleet User adds an option in the wizard when he saves his changes then the options are successfully submitted" time="0.940" classname="Fleet User Line Add Options AC 8: Fleet User adds an option in the wizard when he saves his changes then the options are successfully submitted">
    </testcase>
    <testcase name="AC 9: Fleet User adds an option in the wizard when he saves his changes then he changes his mind and cancels it the manager is redirected to the wizard again " time="0.956" classname="Fleet User Line Add Options AC 9: Fleet User adds an option in the wizard when he saves his changes then he changes his mind and cancels it the manager is redirected to the wizard again ">
    </testcase>
  </testsuite>
</testsuites>