<?xml version="1.0" encoding="UTF-8"?>
<testsuites name="Mocha Tests" time="17.724" tests="1" failures="1">
  <testsuite name="Cypress Tests" timestamp="2024-07-11T08:05:09" tests="0" file="src/e2e/fleet-sim-card/line-navigation-list/line-navigation-list.spec.cy.ts" time="0.000" failures="0">
  </testsuite>
  <testsuite name="Line Navigation List" timestamp="2024-07-11T08:05:09" tests="0" time="0.000" failures="0">
  </testsuite>
  <testsuite name="Navigation" timestamp="2024-07-11T08:05:09" tests="1" time="17.686" failures="1">
    <testcase name="should navigate to, highlight and show content of a nav item" time="4.913" classname="Line Navigation List Navigation should navigate to, highlight and show content of a nav item">
      <failure message="Timed out retrying after 4050ms: `cy.click()` failed because this element is not visible:

`&lt;span&gt;ng.line...&lt;/span&gt;`

This element `&lt;span&gt;` is not visible because its parent `&lt;span&gt;` has CSS property: `visibility: hidden`

Fix this problem, or use `{force: true}` to disable error checking.

https://on.cypress.io/element-cannot-be-interacted-with" type="CypressError"><![CDATA[CypressError: Timed out retrying after 4050ms: `cy.click()` failed because this element is not visible:

`<span>ng.line...</span>`

This element `<span>` is not visible because its parent `<span>` has CSS property: `visibility: hidden`

Fix this problem, or use `{force: true}` to disable error checking.

https://on.cypress.io/element-cannot-be-interacted-with
    at runVisibilityCheck (http://localhost:4201/__cypress/runner/cypress_runner.js:145159:58)
    at Object.isStrictlyVisible (http://localhost:4201/__cypress/runner/cypress_runner.js:145173:10)
    at runAllChecks (http://localhost:4201/__cypress/runner/cypress_runner.js:112303:26)
    at retryActionability (http://localhost:4201/__cypress/runner/cypress_runner.js:112371:16)
    at tryCatcher (http://localhost:4201/__cypress/runner/cypress_runner.js:1807:23)
    at Promise.attempt.Promise.try (http://localhost:4201/__cypress/runner/cypress_runner.js:4315:29)
    at whenStable (http://localhost:4201/__cypress/runner/cypress_runner.js:143918:68)
    at <unknown> (http://localhost:4201/__cypress/runner/cypress_runner.js:143859:14)
    at tryCatcher (http://localhost:4201/__cypress/runner/cypress_runner.js:1807:23)
    at Promise._settlePromiseFromHandler (http://localhost:4201/__cypress/runner/cypress_runner.js:1519:31)
    at Promise._settlePromise (http://localhost:4201/__cypress/runner/cypress_runner.js:1576:18)
    at Promise._settlePromise0 (http://localhost:4201/__cypress/runner/cypress_runner.js:1621:10)
    at Promise._settlePromises (http://localhost:4201/__cypress/runner/cypress_runner.js:1701:18)
    at Promise._fulfill (http://localhost:4201/__cypress/runner/cypress_runner.js:1645:18)
    at <unknown> (http://localhost:4201/__cypress/runner/cypress_runner.js:5450:46)
From Your Spec Code:
    at Context.eval (webpack:///./src/e2e/fleet-sim-card/line-navigation-list/line-navigation-list.spec.cy.ts:90:0)]]></failure>
    </testcase>
  </testsuite>
</testsuites>