<?xml version="1.0" encoding="UTF-8"?>
<testsuites name="Mocha Tests" time="2.376" tests="1" failures="0">
  <testsuite name="Cypress Tests" timestamp="2024-09-12T06:22:54" tests="0" file="src/e2e/fleet-product/usage/fleet-user-mobile-usage-overview/fleet-user-mobile-usage-overview.spec.cy.ts" time="0.000" failures="0">
  </testsuite>
  <testsuite name="Fleet User Mobile Usage Overview" timestamp="2024-09-12T06:22:54" tests="1" time="2.340" failures="0">
    <testcase name="On page load, form should be pre-populated with values" time="1.547" classname="Fleet User Mobile Usage Overview On page load, form should be pre-populated with values">
    </testcase>
  </testsuite>
</testsuites>