<?xml version="1.0" encoding="UTF-8"?>
<testsuites name="Mocha Tests" time="6.420" tests="4" failures="0">
  <testsuite name="Cypress Tests" timestamp="2024-07-17T11:06:25" tests="0" file="src/e2e/local/home.spec.cy.ts" time="0.000" failures="0">
  </testsuite>
  <testsuite name="Home" timestamp="2024-07-17T11:06:25" tests="0" time="0.000" failures="0">
  </testsuite>
  <testsuite name="Page Loading and navigation" timestamp="2024-07-17T11:06:25" tests="4" time="6.382" failures="0">
    <testcase name="should load the home component" time="0.959" classname="Home Page Loading and navigation should load the home component">
    </testcase>
    <testcase name="should show all the routes" time="0.481" classname="Home Page Loading and navigation should show all the routes">
    </testcase>
    <testcase name="should allow searching components" time="0.543" classname="Home Page Loading and navigation should allow searching components">
    </testcase>
    <testcase name="should allow navigating to components" time="0.553" classname="Home Page Loading and navigation should allow navigating to components">
    </testcase>
  </testsuite>
</testsuites>