<?xml version="1.0" encoding="UTF-8"?>
<testsuites name="Mocha Tests" time="3.158" tests="1" failures="0">
  <testsuite name="Cypress Tests" timestamp="2024-07-16T12:51:31" tests="0" file="src/e2e/fleet-profile/line-address-details/line-address-details.spec.cy.ts" time="0.000" failures="0">
  </testsuite>
  <testsuite name="Line Address Details" timestamp="2024-07-16T12:51:31" tests="1" time="3.121" failures="0">
    <testcase name="On page load, the page should be loaded with address details" time="1.048" classname="Line Address Details On page load, the page should be loaded with address details">
    </testcase>
  </testsuite>
</testsuites>