<?xml version="1.0" encoding="UTF-8"?>
<testsuites name="Mocha Tests" time="11.984" tests="8" failures="0" skipped="1">
  <testsuite name="Cypress Tests" timestamp="2024-09-13T10:17:09" tests="0" file="src/e2e/fleet-product/line-add-options/line-add-options.spec.cy.ts" time="0.000" failures="0">
  </testsuite>
  <testsuite name="Line Add Options" timestamp="2024-09-13T10:17:09" tests="8" time="11.959" failures="0">
    <testcase name="AC 2: Fleet Manager opens the add options wizard when fleet manager he sees an option that is already in his sim line he can not add this option again " time="2.276" classname="Line Add Options AC 2: Fleet Manager opens the add options wizard when fleet manager he sees an option that is already in his sim line he can not add this option again ">
    </testcase>
    <testcase name="AC 3: Fleet Manager opens the add options wizard when fleet manager tried to add multiple options from the same cateogry only one is allowed " time="1.445" classname="Line Add Options AC 3: Fleet Manager opens the add options wizard when fleet manager tried to add multiple options from the same cateogry only one is allowed ">
    </testcase>
    <testcase name="AC 4: Fleet Manager adds an option in the wizard when he did not have another option from this category before then the added option is shown under the subtitle Added " time="1.337" classname="Line Add Options AC 4: Fleet Manager adds an option in the wizard when he did not have another option from this category before then the added option is shown under the subtitle Added ">
    </testcase>
    <testcase name="AC 5: Fleet Manager adds an option in the wizard when he already had an option in this category before then the added option is shown under the subtitle Updated " time="1.326" classname="Line Add Options AC 5: Fleet Manager adds an option in the wizard when he already had an option in this category before then the added option is shown under the subtitle Updated ">
    </testcase>
    <testcase name="AC 7: Fleet Manager added  options in the wizard when he clicks on undo changes then the options are removed from the overview " time="1.486" classname="Line Add Options AC 7: Fleet Manager added  options in the wizard when he clicks on undo changes then the options are removed from the overview ">
    </testcase>
    <testcase name="AC 8: Fleet Manager adds an option in the wizard when he saves his changes then the options  that are selected are in his SIM Line " time="1.494" classname="Line Add Options AC 8: Fleet Manager adds an option in the wizard when he saves his changes then the options  that are selected are in his SIM Line ">
    </testcase>
    <testcase name="AC 9: Fleet Manager adds an option in the wizard when he saves his changes then he changes his mind and cancels it the manager is redirected to the wizard again " time="1.476" classname="Line Add Options AC 9: Fleet Manager adds an option in the wizard when he saves his changes then he changes his mind and cancels it the manager is redirected to the wizard again ">
    </testcase>
  </testsuite>
</testsuites>