<?xml version="1.0" encoding="UTF-8"?>
<testsuites name="Mocha Tests" time="2.990" tests="2" failures="0">
  <testsuite name="Cypress Tests" timestamp="2024-08-29T07:07:00" tests="0" file="src/e2e/fleet-user/fleet-user-product-overview/fleet-user-product-overview.spec.cy.ts" time="0.000" failures="0">
  </testsuite>
  <testsuite name="Fleet User Product Overview" timestamp="2024-08-29T07:07:00" tests="2" time="2.957" failures="0">
    <testcase name="On page load, form should be pre-populated with values" time="1.386" classname="Fleet User Product Overview On page load, form should be pre-populated with values">
    </testcase>
    <testcase name="On click of more details section" time="0.862" classname="Fleet User Product Overview On click of more details section">
    </testcase>
  </testsuite>
</testsuites>