<?xml version="1.0" encoding="UTF-8"?>
<testsuites name="Mocha Tests" time="2.051" tests="1" failures="0">
  <testsuite name="Cypress Tests" timestamp="2024-08-29T06:06:24" tests="0" file="src/e2e/fleet-profile/line-address-details/line-address-details.spec.cy.ts" time="0.000" failures="0">
  </testsuite>
  <testsuite name="Line Address Details" timestamp="2024-08-29T06:06:24" tests="1" time="2.015" failures="0">
    <testcase name="On page load, the page should be loaded with address details" time="1.343" classname="Line Address Details On page load, the page should be loaded with address details">
    </testcase>
  </testsuite>
</testsuites>