<?xml version="1.0" encoding="UTF-8"?>
<testsuites name="Mocha Tests" time="13.936" tests="10" failures="0">
  <testsuite name="Cypress Tests" timestamp="2024-08-21T11:48:14" tests="0" file="src/e2e/fleet-user/line-add-options/line-add-options.spec.cy.ts" time="0.000" failures="0">
  </testsuite>
  <testsuite name="Fleet User Line Add Options" timestamp="2024-08-21T11:48:14" tests="10" time="13.882" failures="0">
    <testcase name="AC 1: Fleet User goes to products overview page when add options is selected then the add options wizard is opened and previously added options are shown" time="2.949" classname="Fleet User Line Add Options AC 1: Fleet User goes to products overview page when add options is selected then the add options wizard is opened and previously added options are shown">
    </testcase>
    <testcase name="AC 2: Fleet User opens the add options wizard when fleet user he sees an option that is already in his sim line he can not add this option again " time="1.111" classname="Fleet User Line Add Options AC 2: Fleet User opens the add options wizard when fleet user he sees an option that is already in his sim line he can not add this option again ">
    </testcase>
    <testcase name="AC 3: Fleet User opens the add options wizard when fleet user tried to add multiple options from the same category only one is allowed " time="1.317" classname="Fleet User Line Add Options AC 3: Fleet User opens the add options wizard when fleet user tried to add multiple options from the same category only one is allowed ">
    </testcase>
    <testcase name="AC 4: Fleet User adds an option in the wizard when he did not have another option from this category before then the added option is shown under the subtitle Added " time="1.394" classname="Fleet User Line Add Options AC 4: Fleet User adds an option in the wizard when he did not have another option from this category before then the added option is shown under the subtitle Added ">
    </testcase>
    <testcase name="AC 5: Fleet User adds an option in the wizard when he already had an option in this category before then the added option is shown under the subtitle Updated " time="1.004" classname="Fleet User Line Add Options AC 5: Fleet User adds an option in the wizard when he already had an option in this category before then the added option is shown under the subtitle Updated ">
    </testcase>
    <testcase name="AC 6: Fleet User upgrades options in the wizard when he clicks on undo changes then the upgraded option is unselected again" time="1.073" classname="Fleet User Line Add Options AC 6: Fleet User upgrades options in the wizard when he clicks on undo changes then the upgraded option is unselected again">
    </testcase>
    <testcase name="AC 7: Fleet User adds option of a unselected category in the wizard when he clicks on undo changes then the options are removed from the overview " time="0.881" classname="Fleet User Line Add Options AC 7: Fleet User adds option of a unselected category in the wizard when he clicks on undo changes then the options are removed from the overview ">
    </testcase>
    <testcase name="AC 8.1: Fleet User adds an option in the wizard when he saves his changes then the options are successfully submitted" time="0.985" classname="Fleet User Line Add Options AC 8.1: Fleet User adds an option in the wizard when he saves his changes then the options are successfully submitted">
    </testcase>
    <testcase name="AC 8.2: Fleet User upgrades an option in the wizard when he saves his changes then the options are successfully submitted" time="0.975" classname="Fleet User Line Add Options AC 8.2: Fleet User upgrades an option in the wizard when he saves his changes then the options are successfully submitted">
    </testcase>
    <testcase name="AC 9: Fleet User adds an option in the wizard when he saves his changes then he changes his mind and cancels it the user is redirected to the wizard again " time="0.970" classname="Fleet User Line Add Options AC 9: Fleet User adds an option in the wizard when he saves his changes then he changes his mind and cancels it the user is redirected to the wizard again ">
    </testcase>
  </testsuite>
</testsuites>