<?xml version="1.0" encoding="UTF-8"?>
<testsuites name="Mocha Tests" time="5.673" tests="3" failures="0">
  <testsuite name="Cypress Tests" timestamp="2024-09-12T07:51:48" tests="0" file="src/e2e/fleet-sim-card/sim-activation/sim-activation-user/sim-activation-user.spec.cy.ts" time="0.000" failures="0">
  </testsuite>
  <testsuite name="Fleet SIM User Activation" timestamp="2024-09-12T07:51:48" tests="0" time="0.000" failures="0">
  </testsuite>
  <testsuite name="On page load" timestamp="2024-09-12T07:51:48" tests="3" time="5.643" failures="0">
    <testcase name="should display page title" time="0.941" classname="Fleet SIM User Activation On page load should display page title">
    </testcase>
    <testcase name="should display inputs" time="0.452" classname="Fleet SIM User Activation On page load should display inputs">
    </testcase>
    <testcase name="should display disabled activate button" time="0.394" classname="Fleet SIM User Activation On page load should display disabled activate button">
    </testcase>
  </testsuite>
</testsuites>