<?xml version="1.0" encoding="UTF-8"?>
<testsuites name="Mocha Tests" time="18.550" tests="4" failures="1">
  <testsuite name="Cypress Tests" timestamp="2024-07-11T07:41:48" tests="0" file="src/e2e/local/home.spec.cy.ts" time="0.000" failures="0">
  </testsuite>
  <testsuite name="Home" timestamp="2024-07-11T07:41:48" tests="0" time="0.000" failures="0">
  </testsuite>
  <testsuite name="Page Loading and navigation" timestamp="2024-07-11T07:41:48" tests="4" time="18.513" failures="1">
    <testcase name="should load the home component" time="0.731" classname="Home Page Loading and navigation should load the home component">
    </testcase>
    <testcase name="should show all the routes" time="0.430" classname="Home Page Loading and navigation should show all the routes">
    </testcase>
    <testcase name="should allow searching components" time="4.588" classname="Home Page Loading and navigation should allow searching components">
      <failure message="Timed out retrying after 4000ms: `cy.type()` failed because this element:

`&lt;input type=&quot;search&quot; placeholder=&quot;Search for a component...&quot; class=&quot;searchBar--input searchBar-form-focus&quot; data-cy=&quot;component-search&quot;&gt;`

is being covered by another element:

`&lt;div class=&quot;container max-100vw p--g justify-content--between flex-direction--row sticky-header sticky-header--shadow&quot;&gt;...&lt;/div&gt;`

Fix this problem, or use {force: true} to disable error checking.

https://on.cypress.io/element-cannot-be-interacted-with" type="CypressError"><![CDATA[CypressError: Timed out retrying after 4000ms: `cy.type()` failed because this element:

`<input type="search" placeholder="Search for a component..." class="searchBar--input searchBar-form-focus" data-cy="component-search">`

is being covered by another element:

`<div class="container max-100vw p--g justify-content--between flex-direction--row sticky-header sticky-header--shadow">...</div>`

Fix this problem, or use {force: true} to disable error checking.

https://on.cypress.io/element-cannot-be-interacted-with
    at ensureIsDescendent (http://localhost:4201/__cypress/runner/cypress_runner.js:111947:68)
    at ensureDescendents (http://localhost:4201/__cypress/runner/cypress_runner.js:111998:5)
    at ensureDescendentsAndScroll (http://localhost:4201/__cypress/runner/cypress_runner.js:112004:14)
    at ensureElIsNotCovered (http://localhost:4201/__cypress/runner/cypress_runner.js:112135:5)
    at runAllChecks (http://localhost:4201/__cypress/runner/cypress_runner.js:112334:52)
    at retryActionability (http://localhost:4201/__cypress/runner/cypress_runner.js:112371:16)
    at tryCatcher (http://localhost:4201/__cypress/runner/cypress_runner.js:1807:23)
    at Promise.attempt.Promise.try (http://localhost:4201/__cypress/runner/cypress_runner.js:4315:29)
    at whenStable (http://localhost:4201/__cypress/runner/cypress_runner.js:143918:68)
    at <unknown> (http://localhost:4201/__cypress/runner/cypress_runner.js:143859:14)
    at tryCatcher (http://localhost:4201/__cypress/runner/cypress_runner.js:1807:23)
    at Promise._settlePromiseFromHandler (http://localhost:4201/__cypress/runner/cypress_runner.js:1519:31)
    at Promise._settlePromise (http://localhost:4201/__cypress/runner/cypress_runner.js:1576:18)
    at Promise._settlePromise0 (http://localhost:4201/__cypress/runner/cypress_runner.js:1621:10)
    at Promise._settlePromises (http://localhost:4201/__cypress/runner/cypress_runner.js:1701:18)
    at Promise._fulfill (http://localhost:4201/__cypress/runner/cypress_runner.js:1645:18)
    at <unknown> (http://localhost:4201/__cypress/runner/cypress_runner.js:5450:46)
From Your Spec Code:
    at Context.eval (webpack:///./src/e2e/local/home.spec.cy.ts:17:0)]]></failure>
    </testcase>
    <testcase name="should allow navigating to components" time="0.556" classname="Home Page Loading and navigation should allow navigating to components">
    </testcase>
  </testsuite>
</testsuites>