<?xml version="1.0" encoding="UTF-8"?>
<testsuites name="Mocha Tests" time="5.547" tests="2" failures="0">
  <testsuite name="Cypress Tests" timestamp="2024-07-19T08:37:41" tests="0" file="src/e2e/fleet-profile/line-identification-details/line-identification-details.spec.cy.ts" time="0.000" failures="0">
  </testsuite>
  <testsuite name="Line Identification Details" timestamp="2024-07-19T08:37:41" tests="2" time="5.513" failures="0">
    <testcase name="On page load, form should be pre-populated with values" time="1.055" classname="Line Identification Details On page load, form should be pre-populated with values">
    </testcase>
    <testcase name="Edit description and save" time="1.182" classname="Line Identification Details Edit description and save">
    </testcase>
  </testsuite>
</testsuites>