<?xml version="1.0" encoding="UTF-8"?>
<testsuites name="Mocha Tests" time="3.211" tests="2" failures="0">
  <testsuite name="Cypress Tests" timestamp="2024-07-11T06:46:16" tests="0" file="src/e2e/fleet-profile/line-identification-details/line-identification-details.spec.cy.ts" time="0.000" failures="0">
  </testsuite>
  <testsuite name="Line Identification Details" timestamp="2024-07-11T06:46:16" tests="2" time="3.187" failures="0">
    <testcase name="On page load, form should be pre-populated with values" time="0.806" classname="Line Identification Details On page load, form should be pre-populated with values">
    </testcase>
    <testcase name="Edit description and save" time="0.892" classname="Line Identification Details Edit description and save">
    </testcase>
  </testsuite>
</testsuites>