<?xml version="1.0" encoding="UTF-8"?>
<testsuites name="Mocha Tests" time="40.538" tests="6" failures="2">
  <testsuite name="Cypress Tests" timestamp="2024-07-17T05:59:11" tests="0" file="src/e2e/fleet-product/line-change-tariff-plan/line-change-tariff-plan.spec.cy.ts" time="0.000" failures="0">
  </testsuite>
  <testsuite name="Line Change Tariff Plan" timestamp="2024-07-17T05:59:11" tests="6" time="40.516" failures="2">
    <testcase name="AC 1: Fleet Manager goes to products detail page when line change tariff plan is selected then the change tariff plan wizard is opened" time="1.293" classname="Line Change Tariff Plan AC 1: Fleet Manager goes to products detail page when line change tariff plan is selected then the change tariff plan wizard is opened">
    </testcase>
    <testcase name="AC 2: Fleet Manager opens the change tariff plan wizard when fleet manager he sees an option that is already in his sim line he can not add this option again " time="0.626" classname="Line Change Tariff Plan AC 2: Fleet Manager opens the change tariff plan wizard when fleet manager he sees an option that is already in his sim line he can not add this option again ">
    </testcase>
    <testcase name="AC 3: Fleet Manager opens the change tariff plan wizard when fleet manager switches the mobile plan the new plan is visible " time="0.688" classname="Line Change Tariff Plan AC 3: Fleet Manager opens the change tariff plan wizard when fleet manager switches the mobile plan the new plan is visible ">
    </testcase>
    <testcase name="AC 4: Fleet Manager chooses a tariff plan in the wizard when he chooses another one then the newest chosen tariff plan will be shown " time="0.702" classname="Line Change Tariff Plan AC 4: Fleet Manager chooses a tariff plan in the wizard when he chooses another one then the newest chosen tariff plan will be shown ">
    </testcase>
    <testcase name="AC 6: Fleet Manager chose a tariff plan in the wizard when he clicks on undo changes then tariff plan is unselected again " time="5.027" classname="Line Change Tariff Plan AC 6: Fleet Manager chose a tariff plan in the wizard when he clicks on undo changes then tariff plan is unselected again ">
      <failure message="Timed out retrying after 4000ms: Expected to find element: `[data-cy=secondary-action]`, but never found it." type="AssertionError"><![CDATA[AssertionError: Timed out retrying after 4000ms: Expected to find element: `[data-cy=secondary-action]`, but never found it.
    at Context.eval (webpack:///./src/support/commands.ts:48:0)]]></failure>
    </testcase>
    <testcase name="AC 8: Fleet Manager changes tariff plan in the wizard when he saves his changes then tariff plan is changes for  his SIM Line " time="5.164" classname="Line Change Tariff Plan AC 8: Fleet Manager changes tariff plan in the wizard when he saves his changes then tariff plan is changes for  his SIM Line ">
      <failure message="Timed out retrying after 4000ms: Expected to find element: `[data-cy=primary-action]`, but never found it." type="AssertionError"><![CDATA[AssertionError: Timed out retrying after 4000ms: Expected to find element: `[data-cy=primary-action]`, but never found it.
    at Context.eval (webpack:///./src/support/commands.ts:48:0)]]></failure>
    </testcase>
  </testsuite>
</testsuites>