<?xml version="1.0" encoding="UTF-8"?>
<testsuites name="Mocha Tests" time="4.483" tests="4" failures="0">
  <testsuite name="Cypress Tests" timestamp="2024-07-11T08:01:41" tests="0" file="src/e2e/local/home.spec.cy.ts" time="0.000" failures="0">
  </testsuite>
  <testsuite name="Home" timestamp="2024-07-11T08:01:41" tests="0" time="0.000" failures="0">
  </testsuite>
  <testsuite name="Page Loading and navigation" timestamp="2024-07-11T08:01:41" tests="4" time="4.455" failures="0">
    <testcase name="should load the home component" time="0.734" classname="Home Page Loading and navigation should load the home component">
    </testcase>
    <testcase name="should show all the routes" time="0.448" classname="Home Page Loading and navigation should show all the routes">
    </testcase>
    <testcase name="should allow searching components" time="0.552" classname="Home Page Loading and navigation should allow searching components">
    </testcase>
    <testcase name="should allow navigating to components" time="0.466" classname="Home Page Loading and navigation should allow navigating to components">
    </testcase>
  </testsuite>
</testsuites>