<?xml version="1.0" encoding="UTF-8"?>
<testsuites name="Mocha Tests" time="16.893" tests="1" failures="1">
  <testsuite name="Cypress Tests" timestamp="2024-07-11T07:41:26" tests="0" file="src/e2e/local/billing-account-selector.spec.cy.ts" time="0.000" failures="0">
  </testsuite>
  <testsuite name="BillingAccountSelector" timestamp="2024-07-11T07:41:26" tests="1" time="16.849" failures="1">
    <testcase name="should navigate to a component including the billing account selector when checkbox is enabled" time="4.736" classname="BillingAccountSelector should navigate to a component including the billing account selector when checkbox is enabled">
      <failure message="Timed out retrying after 4050ms: `cy.click()` failed because this element:

`&lt;input type=&quot;checkbox&quot; data-cy=&quot;billing-account-checkbox&quot; class=&quot;ng-untouched ng-pristine ng-valid&quot;&gt;`

is being covered by another element:

`&lt;div class=&quot;container max-100vw p--g justify-content--between flex-direction--row sticky-header sticky-header--shadow&quot;&gt;...&lt;/div&gt;`

Fix this problem, or use {force: true} to disable error checking.

https://on.cypress.io/element-cannot-be-interacted-with" type="CypressError"><![CDATA[CypressError: Timed out retrying after 4050ms: `cy.click()` failed because this element:

`<input type="checkbox" data-cy="billing-account-checkbox" class="ng-untouched ng-pristine ng-valid">`

is being covered by another element:

`<div class="container max-100vw p--g justify-content--between flex-direction--row sticky-header sticky-header--shadow">...</div>`

Fix this problem, or use {force: true} to disable error checking.

https://on.cypress.io/element-cannot-be-interacted-with
    at ensureIsDescendent (http://localhost:4201/__cypress/runner/cypress_runner.js:111947:68)
    at ensureDescendents (http://localhost:4201/__cypress/runner/cypress_runner.js:111998:5)
    at ensureDescendentsAndScroll (http://localhost:4201/__cypress/runner/cypress_runner.js:112004:14)
    at ensureElIsNotCovered (http://localhost:4201/__cypress/runner/cypress_runner.js:112135:5)
    at runAllChecks (http://localhost:4201/__cypress/runner/cypress_runner.js:112334:52)
    at retryActionability (http://localhost:4201/__cypress/runner/cypress_runner.js:112371:16)
    at tryCatcher (http://localhost:4201/__cypress/runner/cypress_runner.js:1807:23)
    at Promise.attempt.Promise.try (http://localhost:4201/__cypress/runner/cypress_runner.js:4315:29)
    at whenStable (http://localhost:4201/__cypress/runner/cypress_runner.js:143918:68)
    at <unknown> (http://localhost:4201/__cypress/runner/cypress_runner.js:143859:14)
    at tryCatcher (http://localhost:4201/__cypress/runner/cypress_runner.js:1807:23)
    at Promise._settlePromiseFromHandler (http://localhost:4201/__cypress/runner/cypress_runner.js:1519:31)
    at Promise._settlePromise (http://localhost:4201/__cypress/runner/cypress_runner.js:1576:18)
    at Promise._settlePromise0 (http://localhost:4201/__cypress/runner/cypress_runner.js:1621:10)
    at Promise._settlePromises (http://localhost:4201/__cypress/runner/cypress_runner.js:1701:18)
    at Promise._fulfill (http://localhost:4201/__cypress/runner/cypress_runner.js:1645:18)
    at <unknown> (http://localhost:4201/__cypress/runner/cypress_runner.js:5450:46)
From Your Spec Code:
    at Context.eval (webpack:///./src/e2e/local/billing-account-selector.spec.cy.ts:35:0)]]></failure>
    </testcase>
  </testsuite>
</testsuites>