<?xml version="1.0" encoding="UTF-8"?>
<testsuites name="Mocha Tests" time="19.674" tests="2" failures="1">
  <testsuite name="Cypress Tests" timestamp="2024-07-17T10:48:53" tests="0" file="src/e2e/fleet-profile/line-identification-details/line-identification-details.spec.cy.ts" time="0.000" failures="0">
  </testsuite>
  <testsuite name="Line Identification Details" timestamp="2024-07-17T10:48:53" tests="2" time="19.645" failures="1">
    <testcase name="On page load, form should be pre-populated with values" time="4.736" classname="Line Identification Details On page load, form should be pre-populated with values">
      <failure message="Timed out retrying after 4000ms: expected &apos;&lt;p&gt;&apos; to have text &apos;ng.line-identification-details.e-sim.lbl&apos;, but the text was &apos;eSIM&apos;" type="AssertionError"><![CDATA[AssertionError: Timed out retrying after 4000ms: expected '<p>' to have text 'ng.line-identification-details.e-sim.lbl', but the text was 'eSIM'
    at Context.eval (webpack:///./src/e2e/fleet-profile/line-identification-details/line-identification-details.spec.cy.ts:38:0)

      + expected - actual

      -'eSIM'
      +'ng.line-identification-details.e-sim.lbl'
      ]]></failure>
    </testcase>
    <testcase name="Edit description and save" time="0.979" classname="Line Identification Details Edit description and save">
    </testcase>
  </testsuite>
</testsuites>