<?xml version="1.0" encoding="UTF-8"?>
<testsuites name="Mocha Tests" time="4.065" tests="3" failures="0">
  <testsuite name="Cypress Tests" timestamp="2024-08-28T12:59:15" tests="0" file="src/e2e/fleet-profile/line-identification-details/line-identification-details.spec.cy.ts" time="0.000" failures="0">
  </testsuite>
  <testsuite name="Line Identification Details" timestamp="2024-08-28T12:59:15" tests="2" time="2.533" failures="0">
    <testcase name="On page load, form should be pre-populated with values" time="1.387" classname="Line Identification Details On page load, form should be pre-populated with values">
    </testcase>
    <testcase name="Edit description and save" time="1.118" classname="Line Identification Details Edit description and save">
    </testcase>
  </testsuite>
  <testsuite name="Line Identification Details - No customer Details" timestamp="2024-08-28T12:59:18" tests="1" time="1.511" failures="0">
    <testcase name="As a fleet manager when I view line details and the user does not have details then I see only the description field at first and can update the description " time="0.927" classname="Line Identification Details - No customer Details As a fleet manager when I view line details and the user does not have details then I see only the description field at first and can update the description ">
    </testcase>
  </testsuite>
</testsuites>