<?xml version="1.0" encoding="UTF-8"?>
<testsuites name="Mocha Tests" time="2.969" tests="2" failures="0">
  <testsuite name="Cypress Tests" timestamp="2024-09-02T12:24:09" tests="0" file="src/e2e/fleet-product/product-overview/product-overview.spec.cy.ts" time="0.000" failures="0">
  </testsuite>
  <testsuite name="Product Overview" timestamp="2024-09-02T12:24:10" tests="2" time="2.948" failures="0">
    <testcase name="On page load, form should be pre-populated with values" time="1.377" classname="Product Overview On page load, form should be pre-populated with values">
    </testcase>
    <testcase name="On click of more details section" time="0.835" classname="Product Overview On click of more details section">
    </testcase>
  </testsuite>
</testsuites>