<?xml version="1.0" encoding="UTF-8"?>
<testsuites name="Mocha Tests" time="3.083" tests="2" failures="0">
  <testsuite name="Cypress Tests" timestamp="2024-09-12T06:33:38" tests="0" file="src/e2e/fleet-user/fleet-user-product-overview/fleet-user-product-overview.spec.cy.ts" time="0.000" failures="0">
  </testsuite>
  <testsuite name="Fleet User Product Overview" timestamp="2024-09-12T06:33:38" tests="2" time="3.060" failures="0">
    <testcase name="On page load, form should be pre-populated with values" time="1.377" classname="Fleet User Product Overview On page load, form should be pre-populated with values">
    </testcase>
    <testcase name="On click of more details section" time="0.859" classname="Fleet User Product Overview On click of more details section">
    </testcase>
  </testsuite>
</testsuites>