<?xml version="1.0" encoding="UTF-8"?>
<testsuites name="Mocha Tests" time="3.815" tests="1" failures="0">
  <testsuite name="Cypress Tests" timestamp="2024-07-17T10:47:11" tests="0" file="src/e2e/local/billing-account-selector.spec.cy.ts" time="0.000" failures="0">
  </testsuite>
  <testsuite name="BillingAccountSelector" timestamp="2024-07-17T10:47:11" tests="1" time="3.780" failures="0">
    <testcase name="should navigate to a component including the billing account selector when checkbox is enabled" time="1.623" classname="BillingAccountSelector should navigate to a component including the billing account selector when checkbox is enabled">
    </testcase>
  </testsuite>
</testsuites>