<?xml version="1.0" encoding="UTF-8"?>
<testsuites name="Mocha Tests" time="5.778" tests="2" failures="0">
  <testsuite name="Cypress Tests" timestamp="2024-09-12T07:51:17" tests="0" file="src/e2e/fleet-product/line-product-details/line-product-details.spec.cy.ts" time="0.000" failures="0">
  </testsuite>
  <testsuite name="Line Product Details" timestamp="2024-09-12T07:51:17" tests="1" time="0.000" failures="0">
    <testcase name="On page load, check simcard details" time="0.993" classname="Line Product Details On page load, check simcard details">
    </testcase>
  </testsuite>
  <testsuite name="On Remove options show remove options screen" timestamp="2024-09-12T07:51:19" tests="1" time="4.051" failures="0">
    <testcase name="when on the remove options wizard you can see which options are present now in the overview and in the options list" time="1.264" classname="Line Product Details On Remove options show remove options screen when on the remove options wizard you can see which options are present now in the overview and in the options list">
    </testcase>
  </testsuite>
</testsuites>