<?xml version="1.0" encoding="UTF-8"?>
<testsuites name="Mocha Tests" time="2.945" tests="2" failures="0">
  <testsuite name="Cypress Tests" timestamp="2024-09-02T13:31:39" tests="0" file="src/e2e/fleet-user/fleet-user-product-overview/fleet-user-product-overview.spec.cy.ts" time="0.000" failures="0">
  </testsuite>
  <testsuite name="Fleet User Product Overview" timestamp="2024-09-02T13:31:39" tests="2" time="2.925" failures="0">
    <testcase name="On page load, form should be pre-populated with values" time="1.224" classname="Fleet User Product Overview On page load, form should be pre-populated with values">
    </testcase>
    <testcase name="On click of more details section" time="0.881" classname="Fleet User Product Overview On click of more details section">
    </testcase>
  </testsuite>
</testsuites>