<?xml version="1.0" encoding="UTF-8"?>
<testsuites name="Mocha Tests" time="5.354" tests="3" failures="0">
  <testsuite name="Cypress Tests" timestamp="2024-07-17T06:02:36" tests="0" file="src/e2e/fleet-sim-card/sim-activation/sim-activation-manager/sim-activation-manager.spec.cy.ts" time="0.000" failures="0">
  </testsuite>
  <testsuite name="Bundle usage reminders" timestamp="2024-07-17T06:02:36" tests="3" time="5.324" failures="0">
    <testcase name="On page load, date picker should exist" time="1.114" classname="Bundle usage reminders On page load, date picker should exist">
    </testcase>
    <testcase name="On click on date input , date picker should be visible" time="0.539" classname="Bundle usage reminders On click on date input , date picker should be visible">
    </testcase>
    <testcase name="When choosing current date, the input must be enabled" time="0.579" classname="Bundle usage reminders When choosing current date, the input must be enabled">
    </testcase>
  </testsuite>
</testsuites>